<?xml version="1.0" encoding="UTF-8"?>
<!-- Generated by org.testng.reporters.JUnitXMLReporter -->
<testsuite hostname="DESKTOP-H4EAD90" ignored="0" name="UrbanLadder Test Cases" tests="5" failures="1" timestamp="30 May 2020 09:59:57 GMT" time="234.277" errors="0">
  <testcase name="setFilters" time="35.157" classname="com.urbanladder.tests.Furniture_BookshelvesTest"/>
  <testcase name="getProductDetails" time="11.985" classname="com.urbanladder.tests.Furniture_BookshelvesTest"/>
  <testcase name="getProductDetails" time="0.047" classname="com.urbanladder.tests.Furniture_StudyChairsTest">
    <failure type="org.openqa.selenium.NoSuchElementException" message="no such element: Unable to locate element: {&amp;quot;method&amp;quot;:&amp;quot;xpath&amp;quot;,&amp;quot;selector&amp;quot;:&amp;quot;//li[@class = &amp;apos;item&amp;apos; and @data-group = &amp;apos;price&amp;apos;]&amp;quot;}
  (Session info: chrome=83.0.4103.61)
For documentation on this error, please visit: https://www.seleniumhq.org/exceptions/no_such_element.html
Build info: version: &amp;apos;3.141.59&amp;apos;, revision: &amp;apos;e82be7d358&amp;apos;, time: &amp;apos;2018-11-14T08:17:03&amp;apos;
System info: host: &amp;apos;DESKTOP-H4EAD90&amp;apos;, ip: &amp;apos;192.168.43.9&amp;apos;, os.name: &amp;apos;Windows 10&amp;apos;, os.arch: &amp;apos;amd64&amp;apos;, os.version: &amp;apos;10.0&amp;apos;, java.version: &amp;apos;1.8.0_241&amp;apos;
Driver info: org.openqa.selenium.chrome.ChromeDriver
Capabilities {acceptInsecureCerts: false, browserName: chrome, browserVersion: 83.0.4103.61, chrome: {chromedriverVersion: 83.0.4103.39 (ccbf011cb2d2b..., userDataDir: C:\Users\kabil\AppData\Loca...}, goog:chromeOptions: {debuggerAddress: localhost:52237}, javascriptEnabled: true, networkConnectionEnabled: false, pageLoadStrategy: normal, platform: WINDOWS, platformName: WINDOWS, proxy: Proxy(), setWindowRect: true, strictFileInteractability: false, timeouts: {implicit: 0, pageLoad: 300000, script: 30000}, unhandledPromptBehavior: dismiss and notify, webauthn:virtualAuthenticators: true}
Session ID: f8d6a0fb1a5debc1e718a2fa1db52732
*** Element info: {Using=xpath, value=//li[@class = &amp;apos;item&amp;apos; and @data-group = &amp;apos;price&amp;apos;]}">
      <![CDATA[org.openqa.selenium.NoSuchElementException: no such element: Unable to locate element: {"method":"xpath","selector":"//li[@class = 'item' and @data-group = 'price']"}
  (Session info: chrome=83.0.4103.61)
For documentation on this error, please visit: https://www.seleniumhq.org/exceptions/no_such_element.html
Build info: version: '3.141.59', revision: 'e82be7d358', time: '2018-11-14T08:17:03'
System info: host: 'DESKTOP-H4EAD90', ip: '192.168.43.9', os.name: 'Windows 10', os.arch: 'amd64', os.version: '10.0', java.version: '1.8.0_241'
Driver info: org.openqa.selenium.chrome.ChromeDriver
Capabilities {acceptInsecureCerts: false, browserName: chrome, browserVersion: 83.0.4103.61, chrome: {chromedriverVersion: 83.0.4103.39 (ccbf011cb2d2b..., userDataDir: C:\Users\kabil\AppData\Loca...}, goog:chromeOptions: {debuggerAddress: localhost:52237}, javascriptEnabled: true, networkConnectionEnabled: false, pageLoadStrategy: normal, platform: WINDOWS, platformName: WINDOWS, proxy: Proxy(), setWindowRect: true, strictFileInteractability: false, timeouts: {implicit: 0, pageLoad: 300000, script: 30000}, unhandledPromptBehavior: dismiss and notify, webauthn:virtualAuthenticators: true}
Session ID: f8d6a0fb1a5debc1e718a2fa1db52732
*** Element info: {Using=xpath, value=//li[@class = 'item' and @data-group = 'price']}
at org.openqa.selenium.remote.http.W3CHttpResponseCodec.createException(W3CHttpResponseCodec.java:187)
at org.openqa.selenium.remote.http.W3CHttpResponseCodec.decode(W3CHttpResponseCodec.java:122)
at org.openqa.selenium.remote.http.W3CHttpResponseCodec.decode(W3CHttpResponseCodec.java:49)
at org.openqa.selenium.remote.HttpCommandExecutor.execute(HttpCommandExecutor.java:158)
at org.openqa.selenium.remote.service.DriverCommandExecutor.execute(DriverCommandExecutor.java:83)
at org.openqa.selenium.remote.RemoteWebDriver.execute(RemoteWebDriver.java:552)
at org.openqa.selenium.remote.RemoteWebDriver.findElement(RemoteWebDriver.java:323)
at org.openqa.selenium.remote.RemoteWebDriver.findElementByXPath(RemoteWebDriver.java:428)
at org.openqa.selenium.By$ByXPath.findElement(By.java:353)
at org.openqa.selenium.remote.RemoteWebDriver.findElement(RemoteWebDriver.java:315)
at org.openqa.selenium.support.pagefactory.DefaultElementLocator.findElement(DefaultElementLocator.java:69)
at org.openqa.selenium.support.pagefactory.internal.LocatingElementHandler.invoke(LocatingElementHandler.java:38)
at com.sun.proxy.$Proxy11.click(Unknown Source)
at com.urbanladder.utils.ElementUtil.click(ElementUtil.java:27)
at com.urbanladder.base.Filters.viewPrice(Filters.java:111)
at com.urbanladder.base.Filters.clearPrice(Filters.java:247)
at com.urbanladder.pages.StudyChairsPage.clearPrice(StudyChairsPage.java:131)
at com.urbanladder.pages.StudyChairsPage.clearAllFilters(StudyChairsPage.java:289)
at com.urbanladder.tests.Furniture_StudyChairsTest.getProductDetails(Furniture_StudyChairsTest.java:33)
... Removed 28 stack frames]]>
    </failure>
  </testcase> <!-- getProductDetails -->
  <testcase name="sendGiftCard" time="25.452" classname="com.urbanladder.tests.GiftCardsTest"/>
  <testcase name="sendGiftCard" time="6.802" classname="com.urbanladder.tests.GiftCardsTest"/>
</testsuite> <!-- UrbanLadder Test Cases -->
